http://staticlive.douyutv.com/upload/signs/201603161752072725.swf
http://www.douyutv.com/58428
http://www.douyutv.com/3484
http://www.23wx.com/html/25/25464/16690482.html
http://www.1905.com/vod/play/85410.shtml?__hz=55a7cf9c71f1c9c4&ref=baidu1905com
http://staticlive.douyutv.com/upload/signs/201603161752072725.swf
http://www.biquge.cc/html/46/46470/4516857.html
http://www.loldytt.com/Juqingdianying/YTWZZH/
http://v.huya.com/play/1413554.html
http://www.silukee.com/ny14826/8346596.html
http://www.biquku.com/0/51/2414747.html
http://staticlive.douyutv.com/upload/signs/201603161752072725.swf
http://www.silukee.com/ny14826/8346596.html
http://www.douyutv.com/wt55kai
http://staticlive.douyutv.com/upload/signs/201603161752072725.swf
http://www.douyutv.com/570637
http://www.23wx.com/html/1/1089/14483233.html
http://www.biquku.com/0/51/2414747.html
http://www.douyutv.com/rentoudage
http://staticlive.douyutv.com/upload/signs/201603161752072725.swf
http://www.23wx.com/html/14/14624/15739913.html
http://www.23wx.com/html/42/42377/24327436.html
http://www.douyutv.com/nvliu
http://www.douyutv.com/255320
http://www.douyutv.com/60651
http://afp.m1905.com/mediafiles/creative/u6903/10833/5s54srmr.mvk_201634.swf?mt=1
http://www.douyutv.com/cms/zt/lpl.html
http://www.douyutv.com/sunyalong
http://www.23wx.com/html/15/15456/16707460.html
http://staticlive.douyutv.com/upload/signs/201603161752072725.swf
http://www.douyutv.com/cms/zt/lpl.html
http://www.biquku.com/0/627/319473.html
http://staticlive.douyutv.com/upload/signs/201603161752072725.swf
http://www.douyutv.com/chenyifaer
http://staticlive.douyutv.com/upload/signs/201603161752072725.swf
http://www.douyutv.com/3484
http://staticlive.douyutv.com/upload/signs/201603161752072725.swf
http://staticlive.douyutv.com/upload/signs/201603161752072725.swf
http://staticlive.douyutv.com/upload/signs/201603161752072725.swf
http://staticlive.douyutv.com/upload/signs/201603161752072725.swf
http://www.douyutv.com/97274
http://www.biquku.com/1/1319/755590.html
http://staticlive.douyutv.com/upload/signs/201603161752072725.swf
http://www.douyutv.com/gouzei
http://www.biquku.com/0/783/404027.html
http://www.23wx.com/html/0/385/180245.html
http://www.biquku.com/0/627/319473.html
http://www.biquge.cc/html/138/138983/14381496.html
http://staticlive.douyutv.com/upload/signs/201603161752072725.swf
http://www.biquge.cc/html/138/138983/14381496.html
http://staticlive.douyutv.com/upload/signs/201603161752072725.swf
http://www.23wx.com/html//26/26111/21160627.html
http://www.23wx.com/html/0/146/17271563.html
http://staticlive.douyutv.com/upload/signs/201603161752072725.swf
http://www.23wx.com/html/57/57857/25389827.html
http://www.23wx.com/html/55/55904/23742329.html
http://www.douyutv.com/cms/zt/lpl.html
http://staticlive.douyutv.com/upload/signs/201603161752072725.swf
http://www.douyutv.com/cms/zt/lpl.html
http://www.23wx.com/html//28/28357/23347102.html
http://www.douyutv.com/312410
http://www.douyutv.com/cms/zt/lpl.html
http://staticlive.douyutv.com/upload/signs/201603161752072725.swf
http://staticlive.douyutv.com/upload/signs/201603161752072725.swf
http://lol.duowan.com/talon/
http://staticlive.douyutv.com/upload/signs/201603161752072725.swf
http://www.douyutv.com/467902
http://staticlive.douyutv.com/upload/signs/201603161752072725.swf
http://www.douyutv.com/251785
http://static.m1905.com/v/20151016/v.swf
http://afp.m1905.com/mediafiles/creative/u6903/10833/5s54srmr.mvk_201634.swf?mt=1
http://www.douyutv.com/xianer
http://www.23wx.com/html/56/56699/23597478.html
http://www.biquge.cc/html/53/53751/1275116.html
http://www.23wx.com/html/1/1064/437232.html
http://staticlive.douyutv.com/upload/signs/201603161752072725.swf
http://www.douyutv.com/454458
http://www.biquku.com/0/663/338292.html
http://staticlive.douyutv.com/upload/signs/201603161752072725.swf
http://www.douyutv.com/sunyalong
http://www.biquku.com/2/2866/1509670.html
http://staticlive.douyutv.com/upload/signs/201603161752072725.swf
http://www.bxwx.org/b/14/14439/5385288.html
http://www.biquku.com/5/5896/3664637.html
http://www.douyutv.com/cms/zt/lpl.html
http://staticlive.douyutv.com/upload/signs/201603161752072725.swf
http://www.biquku.com/1/1534/1594354.html
http://staticlive.douyutv.com/upload/signs/201603161752072725.swf
http://staticlive.douyutv.com/upload/signs/201603161752072725.swf
http://www.douyutv.com/khtv
http://www.23wx.com/html/15/15331/16542104.html
http://www.biquku.com/0/645/328851.html
http://afp.m1905.com/mediafiles/creative/u6903/10833/5s54srmr.mvk_201634.swf?mt=1
http://www.douyutv.com/yifuleiya
http://www.biquku.com/2/2866/1509670.html
http://www.biquge.cc/html/165/165625/8598882.html
http://www.23wx.com/html/57/57699/23960131.html
http://staticlive.douyutv.com/upload/signs/201603161752072725.swf
http://www.23wx.com/html/1/1452/580646.html
http://staticlive.douyutv.com/upload/signs/201603161752072725.swf
http://www.douyutv.com/123372?_r=0.8458105290774256
http://staticlive.douyutv.com/upload/signs/201603161752072725.swf
http://www.biquku.com/0/58/29939.html
http://www.biquku.com/0/58/29939.html
http://www.23wx.com/html//49/49783/20778262.html
http://www.biquku.com/1/1534/1594354.html
http://staticlive.douyutv.com/upload/signs/201603161752072725.swf
http://www.silukee.com/ny34059/2263917.html
http://www.biquku.com/0/330/
http://staticlive.douyutv.com/upload/signs/201603161752072725.swf
http://www.loldytt.com/Xijudianying/LBDJ/
http://www.bxwx.org/b/14/14439/5385288.html
http://www.douyutv.com/319538
http://staticlive.douyutv.com/upload/signs/201603161752072725.swf
http://staticlive.douyutv.com/upload/signs/201603161752072725.swf
http://www.douyutv.com/226634
http://www.biquge.cc/html/140/140519/17541885.html
http://www.biquku.com/2/2968/3787419.html
http://www.23wx.com/html/28/28443/21066348.html
http://www.23wx.com/html/59/59588/24807236.html
http://staticlive.douyutv.com/upload/signs/201603161752072725.swf
http://www.douyutv.com/cms/zt/lpl.html
http://staticlive.douyutv.com/upload/signs/201603161752072725.swf
http://www.biquge.cc/html/165/165625/8598882.html
http://staticlive.douyutv.com/upload/signs/201603161752072725.swf
http://staticlive.douyutv.com/upload/signs/201603161752072725.swf
http://www.douyutv.com/138286
http://www.23wx.com/html/3/3032/9269726.html
http://staticlive.douyutv.com/upload/signs/201603161752072725.swf
http://www.douyutv.com/Princess
http://staticlive.douyutv.com/upload/signs/201603161752072725.swf
http://staticlive.douyutv.com/upload/signs/201603161752072725.swf
http://www.douyutv.com/huakuitong
http://staticlive.douyutv.com/upload/signs/201603161752072725.swf
http://www.biquge.cc/html/138/138069/18201693.html
http://www.douyutv.com/309923
http://static.m1905.com/v/20151016/v.swf
http://www.23wx.com/html/56/56507/23141754.html
http://afp.m1905.com/mediafiles/creative/u6903/10833/5s54srmr.mvk_201634.swf?mt=1
http://www.1905.com/vod/play/355873.shtml
http://staticlive.douyutv.com/upload/signs/201603161752072725.swf
http://www.23wx.com/html/52/52692/23607049.html
http://static.m1905.com/v/20151016/v.swf
http://www.biquge.cc/html/140/140519/17541885.html
http://www.bxwx.org/b/83/83135/13953444.html
http://www.douyutv.com/454861
http://www.douyutv.com/456622
http://staticlive.douyutv.com/upload/signs/201603161752072725.swf
http://afp.m1905.com/mediafiles/creative/u6903/10833/5s54srmr.mvk_201634.swf?mt=1
http://www.douyutv.com/266055
http://www.douyutv.com/456622
http://staticlive.douyutv.com/upload/signs/201603161752072725.swf
http://www.douyutv.com/asen
http://staticlive.douyutv.com/upload/signs/201603161752072725.swf
http://staticlive.douyutv.com/upload/signs/201603161752072725.swf
http://www.douyutv.com/xiao8
http://www.1905.com/vod/play/889765.shtml
http://www.23wx.com/html/0/220/16341027.html
http://www.douyutv.com/sunyalong
http://www.23wx.com/html/53/53395/23895468.html
http://www.douyutv.com/cms/zt/lpl.html
http://www.douyutv.com/485503
http://www.biquku.com/1/1227/606123.html
http://www.douyutv.com/yinzitv
http://staticlive.douyutv.com/upload/signs/201603161752072725.swf
http://www.douyu.com/sunyalong
http://staticlive.douyutv.com/upload/signs/201603161752072725.swf
http://staticlive.douyutv.com/upload/signs/201603161752072725.swf
http://www.biquku.com/0/629/320356.html
http://staticlive.douyutv.com/upload/signs/201603161752072725.swf
http://www.23wx.com/html/25/25718/21293186.html
http://staticlive.douyutv.com/upload/signs/201603161752072725.swf
http://staticlive.douyutv.com/upload/signs/201603161752072725.swf
http://staticlive.douyutv.com/upload/signs/201603161752072725.swf
http://afp.m1905.com/mediafiles/creative/u6903/10833/5s54srmr.mvk_201634.swf?mt=1
http://www.biquge.cc/html/61/61979/2163972.html
http://www.biquku.com/0/137/73595.html
http://staticlive.douyutv.com/upload/signs/201603161752072725.swf
http://afm.pipi.cn/player/buffering1/7/20141105/
http://staticlive.douyutv.com/upload/signs/201603161752072725.swf
http://www.douyutv.com/yilong
http://www.biquku.com/2/2866/1511218.html
http://afm.pipi.cn/player/buffering1/7/20141105/
http://www.1905.com/vod/play/969674.shtml?api_source=jinshan_vodfilmadd
http://www.biquge.cc/html/177/177339/9010979.html
http://www.biquku.com/1/1813/725673.html
http://afp.m1905.com/mediafiles/creative/u6903/10833/5s54srmr.mvk_201634.swf?mt=1
http://www.23wx.com/html/52/52012/21693927.html
http://www.23wx.com/html/8/8086/2280018.html
http://www.douyutv.com/503553
http://staticlive.douyutv.com/upload/signs/201603161752072725.swf
http://www.23wx.com/html/57/57088/23514689.html
http://staticlive.douyutv.com/upload/signs/201603161752072725.swf
http://www.douyutv.com/sunyalong
http://www.biquge.cc/html/177/177339/9010979.html
http://www.biquku.com/0/950/1626423.html
http://staticlive.douyutv.com/upload/signs/201603161752072725.swf
http://staticlive.douyutv.com/upload/signs/201603161752072725.swf
http://www.douyutv.com/nianshaojion
http://www.biquku.com/0/239/
http://www.douyutv.com/dushuren
http://www.douyutv.com/cms/zt/lpl.html
http://www.loldytt.com/Kongbudianying/YLXN/
http://www.loldytt.com/Dongzuodianying/WHCL2QBJ/
http://staticlive.douyutv.com/upload/signs/201603161752072725.swf
http://staticlive.douyutv.com/upload/signs/201603161752072725.swf
http://www.biquge.cc/html/61/61979/2163972.html
http://www.douyutv.com/276135
http://www.23wx.com/html/22/22701/17426687.html
http://afp.m1905.com/mediafiles/creative/u6903/10833/5s54srmr.mvk_201634.swf?mt=1
http://www.douyutv.com/mdhb
http://www.douyutv.com/17732
http://www.23wx.com/html/55/55077/23513442.html
http://www.23wx.com/html/49/49819/20045471.html
http://www.biquge.cc/html/177/177339/9010979.html
http://www.douyutv.com/319435
http://www.douyutv.com/cms/zt/imba.html
http://www.1905.com/vod/play/971695.shtml?__hz=8c7bbbba95c10259&api_source=sougou_vodfilmadd
http://www.silukee.com/ny10321/6052618.html
http://www.douyutv.com/fengfeng123
http://www.biquku.com/2/2407/1077211.html
http://www.23wx.com/html/12/12207/10897897.html
http://www.silukee.com/ny10321/6052618.html
http://afp.m1905.com/mediafiles/creative/u6903/10833/5s54srmr.mvk_201634.swf?mt=1
http://staticlive.douyutv.com/upload/signs/201603161752072725.swf
http://www.douyutv.com/xiao8
http://staticlive.douyutv.com/upload/signs/201603161752072725.swf
http://www.douyutv.com/217785
http://staticlive.douyutv.com/upload/signs/201603161752072725.swf
http://www.douyutv.com/wt55kai
http://www.23wx.com/html/60/60530/24611976.html
http://www.douyutv.com/xianer
http://staticlive.douyutv.com/upload/signs/201603161752072725.swf
http://www.douyutv.com/liondadi
http://www.biquku.com/2/2407/1077211.html
http://www.biquku.com/0/330/153235.html
http://www.douyutv.com/DCDC
http://staticlive.douyutv.com/upload/signs/201603161752072725.swf
http://www.douyutv.com/sunyalong
http://afm.pipi.cn/player/buffering1/7/20141105/
http://www.douyutv.com/154537
http://www.biquku.com/0/330/153313.html
http://www.douyutv.com/yifuleiya
http://staticlive.douyutv.com/upload/signs/201603161752072725.swf
http://www.biquku.com/0/330/153313.html
http://afp.m1905.com/mediafiles/creative/u6903/10833/5s54srmr.mvk_201634.swf?mt=1
http://www.douyutv.com/xianer
http://www.biquku.com/0/116/59943.html
http://www.douyutv.com/sakulago
http://www.douyutv.com/497375
http://www.23wx.com/html/53/53859/22541020.html
http://www.douyutv.com/cms/zt/blizzardtv.html
http://www.douyutv.com/ig430
http://staticlive.douyutv.com/upload/signs/201603161752072725.swf
http://v.huya.com/play/1431824.html
http://www.douyutv.com/joker
http://www.biquku.com/0/554/483013.html
http://www.23wx.com/html/28/28320/19520478.html
http://www.1905.com/vod/play/380023.shtml
http://staticlive.douyutv.com/upload/signs/201603161752072725.swf
http://www.23wx.com/html/56/56546/23327985.html
http://www.douyutv.com/qi777
http://www.23wx.com/html/49/49910/20099326.html
http://www.douyutv.com/sunyalong
http://www.biquku.com/4/4958/3369903.html
http://www.bxwx.org/b/47/47611/7537405.html
http://staticlive.douyutv.com/upload/signs/201603161752072725.swf
http://www.23wx.com/html/26/26376/16864081.html
http://www.23wx.com/html/10/10468/16516647.html
http://staticlive.douyutv.com/upload/signs/201603161752072725.swf
http://www.biquku.com/3/3214/
http://www.biquku.com/5/5619/3405491.html
http://staticlive.douyutv.com/upload/signs/201603161752072725.swf
http://www.biquku.com/4/4958/3369903.html
http://www.douyutv.com/459279
http://www.douyutv.com/yilong
http://www.douyutv.com/523799
http://staticlive.douyutv.com/upload/signs/201603161752072725.swf
http://www.biquku.com/0/610/1887929.html
http://www.biquku.com/5/5619/3405491.html
http://staticlive.douyutv.com/upload/signs/201603161752072725.swf
http://www.biquku.com/0/584/3605190.html
http://www.douyutv.com/xiao8
http://staticlive.douyutv.com/upload/signs/201603161752072725.swf
http://staticlive.douyutv.com/upload/signs/201603161752072725.swf
http://www.23wx.com/html/50/50549/21780568.html
http://staticlive.douyutv.com/upload/signs/201603161752072725.swf
http://www.23wx.com/html/52/52119/21024772.html
http://www.biquku.com/0/302/140939.html
http://staticlive.douyutv.com/upload/signs/201603161752072725.swf
http://www.douyutv.com/laodaizaici
http://www.23wx.com/html/10/10913/25375906.html
http://www.douyutv.com/512231
http://www.loldytt.com/Xijudianying/GGXXS/
http://www.biquku.com/1/1257/620103.html
http://www.douyutv.com/265322
http://www.douyutv.com/255082
http://staticlive.douyutv.com/upload/signs/201603161752072725.swf
http://www.douyutv.com/cms/zt/lpl.html
http://www.biquku.com/2/2790/1492898.html
http://www.23wx.com/html/1/1601/2939545.html
http://www.douyutv.com/cms/zt/lpl.html
http://www.douyutv.com/324674
http://www.douyutv.com/312410
http://www.douyutv.com/454861
http://www.biquku.com/0/732/1733028.html
http://www.douyutv.com/thesecondman
http://www.biquku.com/1/1053/
http://www.bxwx.org/b/60/60259/14032995.html
http://www.biquku.com/2/2790/1492898.html
http://www.23wx.com/html/52/52228/22345157.html
http://www.douyutv.com/cms/zt/lpl.html
http://www.douyutv.com/301712
http://www.douyutv.com/wt55kai
http://staticlive.douyutv.com/upload/signs/201603161752072725.swf
http://www.biquku.com/0/554/483015.html
http://www.biquku.com/1/1257/620103.html
http://staticlive.douyutv.com/upload/signs/201603161752072725.swf
http://afp.m1905.com/mediafiles/creative/u6903/10833/5s54srmr.mvk_201634.swf?mt=1
http://staticlive.douyutv.com/upload/signs/201603161752072725.swf
http://staticlive.douyutv.com/upload/signs/201603161752072725.swf
http://staticlive.douyutv.com/upload/signs/201603161752072725.swf
http://www.biquku.com/0/732/1733028.html
http://www.douyutv.com/154537
http://staticlive.douyutv.com/upload/signs/201603161752072725.swf
http://www.23wx.com/html//43/43807/20052931.html
http://www.douyutv.com/LMS
http://staticlive.douyutv.com/upload/signs/201603161752072725.swf
http://afm.pipi.cn/player/buffering1/7/20141105/
http://www.douyutv.com/wt55kai
http://www.douyutv.com/107053
http://www.douyutv.com/456622
http://staticlive.douyutv.com/upload/signs/201603161752072725.swf
http://www.23wx.com/html/9/9758/7354527.html
http://www.1905.com/vod/play/976938.shtml?api_source=jinshan_vodfilmadd
http://www.biquku.com/0/627/319990.html
http://www.douyutv.com/sunyalong
http://www.biquku.com/0/554/483015.html
http://www.23wx.com/html/11/11259/8705490.html
http://staticlive.douyutv.com/upload/signs/201603161752072725.swf
http://www.loldytt.com/Zuixingangju/CLJZ/
http://staticlive.douyutv.com/upload/signs/201603161752072725.swf
http://www.biquku.com/0/663/339839.html
http://staticlive.douyutv.com/upload/signs/201603161752072725.swf
http://staticlive.douyutv.com/upload/signs/201603161752072725.swf
http://afp.m1905.com/mediafiles/creative/u6903/10833/5s54srmr.mvk_201634.swf?mt=1
http://www.douyutv.com/cms/zt/lpl.html
http://static.m1905.com/v/20151016/v.swf
http://staticlive.douyutv.com/upload/signs/201603161752072725.swf
http://staticlive.douyutv.com/upload/signs/201603161752072725.swf
http://www.loldytt.com/Zuixinhanju/TYDHY/
http://www.biquku.com/0/663/339839.html
http://staticlive.douyutv.com/upload/signs/201603161752072725.swf
http://afm.pipi.cn/player/buffering1/7/20141105/
http://staticlive.douyutv.com/upload/signs/201603161752072725.swf
http://staticlive.douyutv.com/upload/signs/201603161752072725.swf
http://www.23wx.com/html/13/13027/13352979.html
http://www.douyutv.com/73570
http://staticlive.douyutv.com/upload/signs/201603161752072725.swf
http://staticlive.douyutv.com/upload/signs/201603161752072725.swf
http://www.douyutv.com/107053
http://staticlive.douyutv.com/upload/signs/201603161752072725.swf
http://www.douyutv.com/485503
http://afp.m1905.com/mediafiles/creative/u6903/10833/5s54srmr.mvk_201634.swf?mt=1
http://staticlive.douyutv.com/upload/signs/201603161752072725.swf
http://staticlive.douyutv.com/upload/signs/201603161752072725.swf
http://www.douyutv.com/58428
http://www.biquge.cc/html/140/140552/18566956.html
http://www.23wx.com/html/19/19170/19519526.html
http://www.biquku.com/3/3446/1960731.html
http://www.douyutv.com/qi777
http://www.silukee.com/ny45200/2486084.html
http://www.douyutv.com/12313
http://www.biquku.com/3/3446/1960731.html
http://www.douyutv.com/cms/zt/lpl.html
http://staticlive.douyutv.com/upload/signs/201603161752072725.swf
http://staticlive.douyutv.com/upload/signs/201603161752072725.swf
http://www.23wx.com/html/54/54693/25389641.html
http://static.m1905.com/v/20151016/v.swf
http://www.23wx.com/html/50/50046/20897282.html
http://staticlive.douyutv.com/upload/signs/201603161752072725.swf
http://www.biquku.com/1/1257/620057.html
http://www.23wx.com/html/57/57545/24025823.html
http://www.silukee.com/ny28151/1816964.html
http://www.23wx.com/html/51/51655/23848904.html
http://www.23wx.com/html/0/328/18960786.html
http://staticlive.douyutv.com/upload/signs/201603161752072725.swf
http://www.bxwx.org/b/6/6347/2044503.html
http://www.douyutv.com/gd008
http://staticlive.douyutv.com/upload/signs/201603161752072725.swf
http://www.douyutv.com/241215
http://www.douyutv.com/266055
http://www.biquge.cc/html/151/151241/8242555.html
http://static.m1905.com/v/20151016/v.swf
http://www.douyutv.com/220149
http://www.douyutv.com/xianer
http://www.biquku.com/1/1257/620057.html
http://www.douyutv.com/417980
http://www.douyutv.com/80038
http://www.23wx.com/html/1/1934/19650824.html
http://www.biquge.cc/html/0/523/3416097.html
http://www.biquge.cc/html/0/108/3593857.html
http://www.douyutv.com/220149
http://www.23wx.com/html/52/52123/23614679.html
http://www.douyutv.com/wt55kai
http://staticlive.douyutv.com/upload/signs/201603161752072725.swf
http://www.loldytt.com/Zuixinmeiju/EMZZDYJ/
http://www.bxwx.org/b/56/56703/13743426.html
http://www.loldytt.com/Dianshiju/DLSEHDSN/
http://staticlive.douyutv.com/upload/signs/201603161752072725.swf
http://www.23wx.com/html/0/838/14445795.html
http://www.douyutv.com/cms/zt/imba.html
http://www.23wx.com/html/9/9248/2621160.html
http://www.23wx.com/html/21/21779/14649175.html
http://afp.m1905.com/mediafiles/creative/u6903/10833/5s54srmr.mvk_201634.swf?mt=1
http://staticlive.douyutv.com/upload/signs/201603161752072725.swf
http://staticlive.douyutv.com/upload/signs/201603161752072725.swf
http://www.23wx.com/html/7/7274/2096804.html
http://staticlive.douyutv.com/upload/signs/201603161752072725.swf
http://www.douyutv.com/494066
http://www.douyutv.com/wt55kai
http://staticlive.douyutv.com/upload/signs/201603161752072725.swf
http://www.1905.com/vod/play/86080.shtml?fr=vod_6
http://www.silukee.com/ny18827/1187428.html
http://www.23wx.com/html/42/42210/18707676.html
http://www.silukee.com/ny14226/8355377.html
http://www.douyutv.com/wt55kai
http://www.douyutv.com/xiaojiujiu
http://www.23wx.com/html/43/43807/18927064.html
http://www.1905.com/vod/play/857340.shtml?api_source=baidu_vodfilm201207&frp=v.hao123.com%2Fdianying_intro%2F
http://www.douyutv.com/nianshaojion
http://www.douyutv.com/cms/zt/lpl.html
http://www.douyutv.com/214455
http://www.biquku.com/0/645/1883291.html
http://www.23wx.com/html/12/12028/15383136.html
http://www.douyutv.com/gouzei
http://staticlive.douyutv.com/upload/signs/201603161752072725.swf
http://staticlive.douyutv.com/upload/signs/201603161752072725.swf
http://staticlive.douyutv.com/upload/signs/201603161752072725.swf
http://www.23wx.com/html/26/26052/24223799.html
http://www.douyutv.com/xiao8
http://www.silukee.com/ny14226/8355377.html
http://www.23wx.com/html/33/33087/19272599.html
http://staticlive.douyutv.com/upload/signs/201603161752072725.swf
http://staticlive.douyutv.com/upload/signs/201603161752072725.swf
http://www.douyu.com/wt55kai
http://staticlive.douyutv.com/upload/signs/201603161752072725.swf
http://www.23wx.com/html/3/3593/13187811.html
http://staticlive.douyutv.com/upload/signs/201603161752072725.swf
http://staticlive.douyutv.com/upload/signs/201603161752072725.swf
http://staticlive.douyutv.com/upload/signs/201603161752072725.swf
http://staticlive.douyutv.com/upload/signs/201603161752072725.swf
http://www.douyutv.com/sunyalong
http://staticlive.douyutv.com/upload/signs/201603161752072725.swf
http://www.douyutv.com/sunyalong
http://staticlive.douyutv.com/upload/signs/201603161752072725.swf
http://staticlive.douyutv.com/upload/signs/201603161752072725.swf
http://staticlive.douyutv.com/upload/signs/201603161752072725.swf
http://www.23wx.com/html/56/56187/25329810.html
http://staticlive.douyutv.com/upload/signs/201603161752072725.swf
http://www.douyutv.com/cms/zt/lpl.html
http://staticlive.douyutv.com/upload/signs/201603161752072725.swf
http://static.m1905.com/v/20151016/v.swf
http://staticlive.douyutv.com/upload/signs/201603161752072725.swf
http://v.huya.com/play/186179.html
http://www.biquku.com/0/715/370096.html
http://www.douyutv.com/wt55kai
http://staticlive.douyutv.com/upload/signs/201603161752072725.swf
http://www.23wx.com/html/2/2544/25166012.html
http://www.douyutv.com/imbatvhaitao
http://www.douyutv.com/xianer
http://static.m1905.com/v/20151016/v.swf
http://www.douyutv.com/gouzei
http://static.m1905.com/v/20151016/v.swf
http://www.23wx.com/html/51/51983/22908034.html
http://www.23wx.com/html/55/55977/24177762.html
http://www.douyutv.com/154537
http://www.douyutv.com/wt55kai
http://www.douyutv.com/xiao8
http://www.douyutv.com/556544
http://www.douyutv.com/65251
http://www.23wx.com/html/28/28291/18688923.html
http://www.bxwx.org/b/118/118010/26414371.html
http://staticlive.douyutv.com/upload/signs/201603161752072725.swf
http://staticlive.douyutv.com/upload/signs/201603161752072725.swf
http://www.douyutv.com/512231
http://www.23wx.com/html/15/15456/16252373.html
http://www.douyutv.com/dushuren
http://staticlive.douyutv.com/upload/signs/201603161752072725.swf
http://www.biquku.com/0/716/371627.html
http://www.douyutv.com/sunyalong
http://staticlive.douyutv.com/upload/signs/201603161752072725.swf
http://www.silukee.com/ny10321/6052543.html
http://www.silukee.com/ny10413/6923349.html
http://www.bxwx.org/b/118/118010/26414371.html
http://www.23wx.com/html/1/1325/535985.html
http://staticlive.douyutv.com/upload/signs/201603161752072725.swf
http://staticlive.douyutv.com/upload/signs/201603161752072725.swf
http://www.douyutv.com/6324
http://staticlive.douyutv.com/upload/signs/201603161752072725.swf
http://www.biquku.com/0/716/371627.html
http://www.douyutv.com/wt55kai
http://staticlive.douyutv.com/upload/signs/201603161752072725.swf
http://www.douyutv.com/sunyalong
http://staticlive.douyutv.com/upload/signs/201603161752072725.swf
http://www.douyutv.com/58428
http://www.biquku.com/0/627/1367176.html
http://www.douyutv.com/214171
http://www.loldytt.com/Juqingdianying/JCEY/
http://static.m1905.com/v/20151016/v.swf
http://www.23wx.com/html/11/11046/15266269.html
http://staticlive.douyutv.com/upload/signs/201603161752072725.swf
http://www.douyutv.com/cms/zt/lpl.html
http://staticlive.douyutv.com/upload/signs/201603161752072725.swf
http://www.douyutv.com/cms/zt/lpl.html
http://www.biquku.com/0/501/3587713.html
http://staticlive.douyutv.com/upload/signs/201603161752072725.swf
http://staticlive.douyutv.com/upload/signs/201603161752072725.swf
http://staticlive.douyutv.com/upload/signs/201603161752072725.swf
http://www.23wx.com/html/52/52164/21671151.html
http://www.douyutv.com/wt55kai
http://www.23wx.com/html/24/24970/18579043.html
http://staticlive.douyutv.com/upload/signs/201603161752072725.swf
http://www.biquku.com/0/627/1367176.html
http://static.m1905.com/v/20151016/v.swf
http://www.bxwx.org/b/88/88428/14626278.html
http://www.biquku.com/2/2335/909366.html
http://www.23wx.com/html/4/4739/12049552.html
http://www.loldytt.com/Juqingdianying/YW2/
http://www.biquge.cc/html/164/164361/8367185.html
http://staticlive.douyutv.com/upload/signs/201603161752072725.swf
http://www.douyutv.com/infiwang
http://www.douyutv.com/301712
http://www.bxwx.org/b/88/88428/14626278.html
http://www.douyutv.com/318955
http://www.23wx.com/html/28/28318/17542835.html
http://www.douyutv.com/liondadi
http://www.douyutv.com/217785
http://staticlive.douyutv.com/upload/signs/201603161752072725.swf
http://www.biquge.cc/html/140/140766/18135827.html
http://www.23wx.com/html/8/8289/2329353.html
http://www.biquge.cc/html/140/140766/18135827.html
http://www.biquge.cc/html/59/59901/18179700.html
http://www.biquge.cc/html/59/59901/18173011.html
http://www.biquge.cc/html/8/8416/9766126.html
http://staticlive.douyutv.com/upload/signs/201603161752072725.swf
http://www.douyutv.com/tt5
http://staticlive.douyutv.com/upload/signs/201603161752072725.swf
http://afp.m1905.com/mediafiles/creative/u6903/10833/5s54srmr.mvk_201634.swf?mt=1
http://www.douyutv.com/312410
http://www.douyutv.com/301712
http://www.23wx.com/html/41/41410/21494239.html
http://www.douyutv.com/wt55kai
http://afp.m1905.com/mediafiles/creative/u6903/10833/5s54srmr.mvk_201634.swf?mt=1
http://staticlive.douyutv.com/upload/signs/201603161752072725.swf
http://www.biquge.cc/html/8/8416/9766126.html
http://static.m1905.com/v/20151016/v.swf
http://staticlive.douyutv.com/upload/signs/201603161752072725.swf
http://www.douyutv.com/joker
http://staticlive.douyutv.com/upload/signs/201603161752072725.swf
http://www.douyutv.com/503494
http://static.m1905.com/v/20151016/v.swf
http://ls.duowan.com/1603/321300685593.html
http://www.biquge.cc/html/140/140766/18448463.html
http://www.23wx.com/html/27/27129/17117666.html
http://www.douyutv.com/9500
http://staticlive.douyutv.com/upload/signs/201603161752072725.swf
http://staticlive.douyutv.com/upload/signs/201603161752072725.swf
http://staticlive.douyutv.com/upload/signs/201603161752072725.swf
http://staticlive.douyutv.com/upload/signs/201603161752072725.swf
http://www.douyutv.com/cms/zt/lpl.html
http://www.douyutv.com/cms/zt/lpl.html
http://v.huya.com/play/1386246.html
http://www.douyutv.com/huakuitong
http://www.douyutv.com/19926
http://www.douyutv.com/cms/zt/lpl.html
http://afm.pipi.cn/player/buffering1/7/20141105/
http://www.biquku.com/2/2423/1084898.html
http://www.douyutv.com/ccc10086
http://www.douyutv.com/cms/zt/lpl.html
http://www.23wx.com/html/27/27417/17505975.html
http://v.huya.com/play/1427370-322076964912.html
http://www.douyutv.com/xianer
http://www.biquku.com/2/2423/1084898.html
http://www.23wx.com/html//26/26216/20505443.html
http://wows.duowan.com/1603/322135981027.html
http://www.biquge.cc/html/140/140766/18448463.html
http://www.douyutv.com/wt55kai
http://staticlive.douyutv.com/upload/signs/201603161752072725.swf
http://www.biquku.com/1/1227/694793.html
http://staticlive.douyutv.com/upload/signs/201603161752072725.swf
http://www.douyutv.com/huakuitong
http://www.douyutv.com/58428
http://static.m1905.com/v/20151016/v.swf
http://staticlive.douyutv.com/upload/signs/201603161752072725.swf
http://www.douyutv.com/20457
http://www.douyutv.com/301712
http://www.23wx.com/html/51/51514/24690499.html
http://staticlive.douyutv.com/upload/signs/201603161752072725.swf
http://www.bxwx.org/b/124/124261/22092848.html
http://www.douyutv.com/xiaocang
http://www.23wx.com/html/0/54/9779835.html
http://www.douyutv.com/cms/zt/lpl.html
http://www.biquge.cc/html/87/87994/18111146.html
http://www.23wx.com/html/53/53505/21606511.html
http://static.m1905.com/v/20151016/v.swf
http://www.biquge.cc/html/87/87994/18111146.html
http://www.23wx.com/html/44/44778/20294975.html
http://www.douyutv.com/531869
http://static.m1905.com/v/20151016/v.swf
http://www.douyutv.com/65251
http://www.douyutv.com/220149
http://www.23wx.com/html/28/28331/17532381.html
http://www.23wx.com/html/9/9005/2529212.html
http://www.23wx.com/html/4/4335/1438111.html
http://www.douyutv.com/angela
http://www.douyutv.com/456622
http://www.23wx.com/html/11/11297/8427321.html
http://staticlive.douyutv.com/upload/signs/201603161752072725.swf
http://www.bxwx.org/b/124/124261/22092848.html
http://staticlive.douyutv.com/upload/signs/201603161752072725.swf
http://www.23wx.com/html/0/280/12861404.html
http://www.douyutv.com/cms/zt/lpl.html
http://www.douyutv.com/73966
http://www.douyutv.com/xiao8
http://www.douyutv.com/cms/zt/lpl.html
http://staticlive.douyutv.com/upload/signs/201603161752072725.swf
http://www.douyutv.com/Nostalie
http://www.23wx.com/html/25/25888/21801782.html
http://www.douyutv.com/xianer
http://staticlive.douyutv.com/upload/signs/201603161752072725.swf
http://www.silukee.com/ny12830/7306224.html
http://www.douyutv.com/kyu999
http://www.douyutv.com/64609
http://www.biquku.com/2/2344/964909.html
http://static.m1905.com/v/20151016/v.swf
http://www.douyutv.com/xiao8
http://www.douyutv.com/xiao8
http://www.bxwx.org/b/125/125024/26439364.html
http://www.silukee.com/ny34059/1803506.html
http://www.douyutv.com/cms/zt/lpl.html
http://www.23wx.com/html/1/1584/621342.html
http://www.23wx.com/html/0/21/10613510.html
http://www.biquku.com/2/2344/964909.html
http://www.douyutv.com/qiuqiukof
http://www.silukee.com/ny34059/1803506.html
http://www.23wx.com/html/46/46457/21262608.html
http://www.23wx.com/html/51/51514/23280509.html
http://www.douyutv.com/301712
http://www.23wx.com/html//55/55944/22858854.html
http://www.biquku.com/0/645/328273.html
http://www.biquku.com/0/645/328273.html
http://staticlive.douyutv.com/upload/signs/201603161752072725.swf
http://www.douyutv.com/24873
http://staticlive.douyutv.com/upload/signs/201603161752072725.swf
http://staticlive.douyutv.com/upload/signs/201603161752072725.swf
http://www.douyutv.com/sunyalong
http://staticlive.douyutv.com/upload/signs/201603161752072725.swf
http://staticlive.douyutv.com/upload/signs/201603161752072725.swf
http://staticlive.douyutv.com/upload/signs/201603161752072725.swf
http://staticlive.douyutv.com/upload/signs/201603161752072725.swf
http://www.biquku.com/0/74/40363.html
http://www.douyutv.com/cms/zt/lpl.html
http://staticlive.douyutv.com/upload/signs/201603161752072725.swf
http://afp.m1905.com/mediafiles/creative/u6903/10833/5s54srmr.mvk_201634.swf?mt=1
http://staticlive.douyutv.com/upload/signs/201603161752072725.swf
http://www.douyutv.com/cms/zt/lpl.html
http://www.bxwx.org/b/68/68636/
http://www.douyutv.com/cms/zt/lpl.html
http://www.bxwx.org/b/68/68636/
http://staticlive.douyutv.com/upload/signs/201603161752072725.swf
http://www.loldytt.com/Juqingdianying/XDPHYGL/
http://v.huya.com/play/1433342.html
http://www.23wx.com/html/21/21784/16981483.html
http://staticlive.douyutv.com/upload/signs/201603161752072725.swf
http://staticlive.douyutv.com/upload/signs/201603161752072725.swf
http://staticlive.douyutv.com/upload/signs/201603161752072725.swf
http://www.bxwx.org/b/88/88428/14626278.html
http://staticlive.douyutv.com/upload/signs/201603161752072725.swf
http://www.biquku.com/0/74/40363.html
http://www.loldytt.com/Zuixinmeiju/FEMSJBYYFDSJ45657/
http://www.biquge.cc/html/35/35019/8324031.html
http://www.23wx.com/html/0/25/12455.html
http://www.bxwx.org/b/88/88428/14626278.html
http://www.douyutv.com/35954
http://www.biquge.cc/html/35/35019/8324031.html
http://www.douyutv.com/huakuitong
http://www.douyutv.com/xianer
http://staticlive.douyutv.com/upload/signs/201603161752072725.swf
http://staticlive.douyutv.com/upload/signs/201603161752072725.swf
http://staticlive.douyutv.com/upload/signs/201603161752072725.swf
http://staticlive.douyutv.com/upload/signs/201603161752072725.swf
http://www.loldytt.com/Xijudianying/QR2BTFJZ/
http://www.1905.com/vod/play/986649.shtml
http://www.23wx.com/html/53/53395/23532163.html
http://www.23wx.com/html/20/20720/16383651.html
http://www.23wx.com/html/15/15183/14352544.html
http://staticlive.douyutv.com/upload/signs/201603161752072725.swf
http://www.douyutv.com/xiaojiujiu
http://www.23wx.com/html/14/14913/17178982.html
http://v.huya.com/play/1427499.html?frombox
http://www.biquge.cc/html/133/133766/4367707.html
http://www.23wx.com/html/0/251/16325359.html
http://staticlive.douyutv.com/upload/signs/201603161752072725.swf
http://www.biquge.cc/html/133/133766/4367707.html
http://staticlive.douyutv.com/upload/signs/201603161752072725.swf
http://staticlive.douyutv.com/upload/signs/201603161752072725.swf
http://www.douyutv.com/nifengxiao
http://static.m1905.com/v/20151016/v.swf
http://static.m1905.com/v/20151016/v.swf
http://www.23wx.com/html/52/52449/21131473.html
http://www.biquku.com/1/1273/627541.html
http://staticlive.douyutv.com/upload/signs/201603161752072725.swf
http://www.douyutv.com/Raymond
http://www.biquku.com/0/663/1763954.html
http://www.biquku.com/3/3401/1822215.html
http://www.23wx.com/html/58/58116/25389882.html
http://www.loldytt.com/Zuixinmeiju/FZXLDSJ41230/
http://www.biquku.com/1/1273/627870.html
http://www.douyutv.com/251785
http://www.douyutv.com/cms/zt/lpl.html
http://www.douyutv.com/6324
http://www.23wx.com/html/58/58259/25067598.html
http://www.biquku.com/5/5401/3232848.html
http://www.biquku.com/5/5401/3232848.html
http://www.douyutv.com/sunyalong
http://www.biquku.com/1/1753/1289084.html
http://www.biquku.com/0/60/34366.html
http://staticlive.douyutv.com/upload/signs/201603161752072725.swf
http://www.23wx.com/html/50/50774/20701695.html
http://staticlive.douyutv.com/upload/signs/201603161752072725.swf
http://www.douyutv.com/jbr
http://staticlive.douyutv.com/upload/signs/201603161752072725.swf
http://www.douyutv.com/cms/zt/lpl.html
http://www.douyutv.com/sunyalong
http://staticlive.douyutv.com/upload/signs/201603161752072725.swf
http://www.douyutv.com/xiaocang
http://www.silukee.com/ny13247/7517373.html
http://www.douyutv.com/cms/zt/lpl.html
http://static.m1905.com/v/20151016/v.swf
http://www.douyutv.com/cms/zt/lpl.html
http://www.douyutv.com/cms/zt/lpl.html
http://www.biquku.com/0/869/444932.html
http://staticlive.douyutv.com/upload/signs/201603161752072725.swf
http://staticlive.douyutv.com/upload/signs/201603161752072725.swf
http://staticlive.douyutv.com/upload/signs/201603161752072725.swf
http://www.douyutv.com/cms/zt/lpl.html
http://staticlive.douyutv.com/upload/signs/201603161752072725.swf
http://staticlive.douyutv.com/upload/signs/201603161752072725.swf
http://www.biquku.com/0/869/444932.html
http://staticlive.douyutv.com/upload/signs/201603161752072725.swf
http://www.biquge.cc/html/119/119871/17393807.html
http://staticlive.douyutv.com/upload/signs/201603161752072725.swf
http://www.douyutv.com/wt55kai
http://www.douyutv.com/xiaocang
http://www.biquku.com/1/1738/667509.html
http://staticlive.douyutv.com/upload/signs/201603161752072725.swf
http://www.biquge.cc/html/46/46462/6871646.html
http://www.douyutv.com/512231
http://www.23wx.com/html//49/49630/23286842.html
http://www.douyutv.com/265688
http://www.23wx.com/html/11/11230/19681410.html
http://www.douyutv.com/477880
http://static.m1905.com/v/20151016/v.swf
http://staticlive.douyutv.com/upload/signs/201603161752072725.swf
http://staticlive.douyutv.com/upload/signs/201603161752072725.swf
http://www.douyutv.com/301712
http://www.23wx.com/html/14/14607/15869315.html
http://staticlive.douyutv.com/upload/signs/201603161752072725.swf
http://afp.m1905.com/mediafiles/creative/u6903/10833/5s54srmr.mvk_201634.swf?mt=1
http://www.douyutv.com/279558
http://staticlive.douyutv.com/upload/signs/201603161752072725.swf
http://staticlive.douyutv.com/upload/signs/201603161752072725.swf
http://www.douyutv.com/wt55kai
http://staticlive.douyutv.com/upload/signs/201603161752072725.swf
http://static.m1905.com/v/20151016/v.swf
http://www.douyutv.com/ig430
http://staticlive.douyutv.com/upload/signs/201603161752072725.swf
http://staticlive.douyutv.com/upload/signs/201603161752072725.swf
http://afp.m1905.com/mediafiles/creative/u6903/10833/5s54srmr.mvk_201634.swf?mt=1
http://www.douyutv.com/wt55kai
http://www.douyutv.com/301712
http://staticlive.douyutv.com/upload/signs/201603161752072725.swf
http://www.douyutv.com/chibang
http://www.douyutv.com/63623
http://staticlive.douyutv.com/upload/signs/201603161752072725.swf
http://www.23wx.com/html/58/58225/23932288.html
http://www.biquku.com/2/2675/3592362.html
http://www.douyutv.com/Princess
http://www.douyutv.com/58428
http://www.douyutv.com/12313
http://www.douyutv.com/cms/zt/lpl.html
http://static.m1905.com/v/20151016/v.swf
http://www.biquge.cc/html/119/119871/17393807.html
http://www.23wx.com/html/7/7723/2192634.html
http://staticlive.douyutv.com/upload/signs/201603161752072725.swf
http://www.douyutv.com/301712
http://www.biquku.com/1/1738/667509.html
http://staticlive.douyutv.com/upload/signs/201603161752072725.swf
http://www.douyutv.com/570637
http://static.m1905.com/v/20151016/v.swf
http://www.douyutv.com/52618
http://staticlive.douyutv.com/upload/signs/201603161752072725.swf
http://www.23wx.com/html/52/52602/23306346.html
http://staticlive.douyutv.com/upload/signs/201603161752072725.swf
http://www.douyutv.com/sunyalong
http://www.biquge.cc/html/119/119871/17393807.html